<?xml version="1.0" encoding="UTF-8"?>
<testsuite xmlns:xsi="http://www.w3.org/2001/XMLSchema-instance" xsi:noNamespaceSchemaLocation="https://maven.apache.org/surefire/maven-surefire-plugin/xsd/surefire-test-report.xsd" name="runners.TestRunner" time="121.24" tests="89" errors="0" skipped="0" failures="0">
  <properties>
    <property name="sun.desktop" value="gnome"/>
    <property name="awt.toolkit" value="sun.awt.X11.XToolkit"/>
    <property name="file.encoding.pkg" value="sun.io"/>
    <property name="java.specification.version" value="1.8"/>
    <property name="sun.cpu.isalist" value=""/>
    <property name="sun.jnu.encoding" value="UTF-8"/>
    <property name="java.class.path" value="/home/akshat/workspace/BBCRegistration/target/test-classes:/home/akshat/workspace/BBCRegistration/target/classes:/home/akshat/.m2/repository/junit/junit/4.12/junit-4.12.jar:/home/akshat/.m2/repository/org/hamcrest/hamcrest-core/1.3/hamcrest-core-1.3.jar:/home/akshat/.m2/repository/org/seleniumhq/selenium/selenium-java/3.11.0/selenium-java-3.11.0.jar:/home/akshat/.m2/repository/org/seleniumhq/selenium/selenium-api/3.11.0/selenium-api-3.11.0.jar:/home/akshat/.m2/repository/org/seleniumhq/selenium/selenium-chrome-driver/3.11.0/selenium-chrome-driver-3.11.0.jar:/home/akshat/.m2/repository/org/seleniumhq/selenium/selenium-edge-driver/3.11.0/selenium-edge-driver-3.11.0.jar:/home/akshat/.m2/repository/org/seleniumhq/selenium/selenium-firefox-driver/3.11.0/selenium-firefox-driver-3.11.0.jar:/home/akshat/.m2/repository/org/seleniumhq/selenium/selenium-ie-driver/3.11.0/selenium-ie-driver-3.11.0.jar:/home/akshat/.m2/repository/org/seleniumhq/selenium/selenium-opera-driver/3.11.0/selenium-opera-driver-3.11.0.jar:/home/akshat/.m2/repository/org/seleniumhq/selenium/selenium-remote-driver/3.11.0/selenium-remote-driver-3.11.0.jar:/home/akshat/.m2/repository/org/seleniumhq/selenium/selenium-safari-driver/3.11.0/selenium-safari-driver-3.11.0.jar:/home/akshat/.m2/repository/org/seleniumhq/selenium/selenium-support/3.11.0/selenium-support-3.11.0.jar:/home/akshat/.m2/repository/net/bytebuddy/byte-buddy/1.7.9/byte-buddy-1.7.9.jar:/home/akshat/.m2/repository/org/apache/commons/commons-exec/1.3/commons-exec-1.3.jar:/home/akshat/.m2/repository/commons-codec/commons-codec/1.10/commons-codec-1.10.jar:/home/akshat/.m2/repository/commons-logging/commons-logging/1.2/commons-logging-1.2.jar:/home/akshat/.m2/repository/com/google/code/gson/gson/2.8.2/gson-2.8.2.jar:/home/akshat/.m2/repository/com/google/guava/guava/23.6-jre/guava-23.6-jre.jar:/home/akshat/.m2/repository/com/google/code/findbugs/jsr305/1.3.9/jsr305-1.3.9.jar:/home/akshat/.m2/repository/org/checkerframework/checker-compat-qual/2.0.0/checker-compat-qual-2.0.0.jar:/home/akshat/.m2/repository/com/google/errorprone/error_prone_annotations/2.1.3/error_prone_annotations-2.1.3.jar:/home/akshat/.m2/repository/com/google/j2objc/j2objc-annotations/1.1/j2objc-annotations-1.1.jar:/home/akshat/.m2/repository/org/codehaus/mojo/animal-sniffer-annotations/1.14/animal-sniffer-annotations-1.14.jar:/home/akshat/.m2/repository/org/apache/httpcomponents/httpclient/4.5.3/httpclient-4.5.3.jar:/home/akshat/.m2/repository/org/apache/httpcomponents/httpcore/4.4.6/httpcore-4.4.6.jar:/home/akshat/.m2/repository/com/squareup/okhttp3/okhttp/3.9.1/okhttp-3.9.1.jar:/home/akshat/.m2/repository/com/squareup/okio/okio/1.13.0/okio-1.13.0.jar:/home/akshat/.m2/repository/info/cukes/cucumber-junit/1.2.5/cucumber-junit-1.2.5.jar:/home/akshat/.m2/repository/info/cukes/cucumber-java/1.2.5/cucumber-java-1.2.5.jar:/home/akshat/.m2/repository/info/cukes/cucumber-core/1.2.5/cucumber-core-1.2.5.jar:/home/akshat/.m2/repository/info/cukes/cucumber-html/0.2.3/cucumber-html-0.2.3.jar:/home/akshat/.m2/repository/info/cukes/cucumber-jvm-deps/1.0.5/cucumber-jvm-deps-1.0.5.jar:/home/akshat/.m2/repository/info/cukes/cucumber-picocontainer/1.2.5/cucumber-picocontainer-1.2.5.jar:/home/akshat/.m2/repository/org/picocontainer/picocontainer/2.15/picocontainer-2.15.jar:/home/akshat/.m2/repository/info/cukes/gherkin/2.12.2/gherkin-2.12.2.jar:/home/akshat/.m2/repository/net/masterthought/cucumber-reporting/3.15.0/cucumber-reporting-3.15.0.jar:/home/akshat/.m2/repository/org/apache/logging/log4j/log4j-api/2.8.2/log4j-api-2.8.2.jar:/home/akshat/.m2/repository/org/apache/logging/log4j/log4j-core/2.8.2/log4j-core-2.8.2.jar:/home/akshat/.m2/repository/com/fasterxml/jackson/core/jackson-databind/2.8.6/jackson-databind-2.8.6.jar:/home/akshat/.m2/repository/com/fasterxml/jackson/core/jackson-annotations/2.8.0/jackson-annotations-2.8.0.jar:/home/akshat/.m2/repository/com/fasterxml/jackson/core/jackson-core/2.8.6/jackson-core-2.8.6.jar:/home/akshat/.m2/repository/org/apache/velocity/velocity/1.7/velocity-1.7.jar:/home/akshat/.m2/repository/commons-collections/commons-collections/3.2.1/commons-collections-3.2.1.jar:/home/akshat/.m2/repository/commons-lang/commons-lang/2.4/commons-lang-2.4.jar:/home/akshat/.m2/repository/velocity-tools/velocity-tools/1.4/velocity-tools-1.4.jar:/home/akshat/.m2/repository/joda-time/joda-time/2.9.9/joda-time-2.9.9.jar:/home/akshat/.m2/repository/org/apache/commons/commons-lang3/3.6/commons-lang3-3.6.jar:/home/akshat/.m2/repository/commons-io/commons-io/2.5/commons-io-2.5.jar:/home/akshat/.m2/repository/net/lingala/zip4j/zip4j/1.3.2/zip4j-1.3.2.jar:/home/akshat/.m2/repository/org/codehaus/plexus/plexus-utils/3.0.24/plexus-utils-3.0.24.jar:/home/akshat/.m2/repository/org/jsoup/jsoup/1.10.3/jsoup-1.10.3.jar:/home/akshat/.m2/repository/com/googlecode/owasp-java-html-sanitizer/owasp-java-html-sanitizer/20170515.1/owasp-java-html-sanitizer-20170515.1.jar:/home/akshat/.m2/repository/commons-configuration/commons-configuration/1.6/commons-configuration-1.6.jar:/home/akshat/.m2/repository/commons-digester/commons-digester/1.8/commons-digester-1.8.jar:/home/akshat/.m2/repository/commons-beanutils/commons-beanutils/1.7.0/commons-beanutils-1.7.0.jar:/home/akshat/.m2/repository/commons-beanutils/commons-beanutils-core/1.8.0/commons-beanutils-core-1.8.0.jar:/home/akshat/.m2/repository/com/aventstack/extentreports/3.1.2/extentreports-3.1.2.jar:/home/akshat/.m2/repository/org/freemarker/freemarker/2.3.23/freemarker-2.3.23.jar:/home/akshat/.m2/repository/org/mongodb/mongodb-driver/3.3.0/mongodb-driver-3.3.0.jar:/home/akshat/.m2/repository/org/mongodb/bson/3.3.0/bson-3.3.0.jar:/home/akshat/.m2/repository/org/mongodb/mongodb-driver-core/3.3.0/mongodb-driver-core-3.3.0.jar:/home/akshat/.m2/repository/org/apache/httpcomponents/httpmime/4.5.2/httpmime-4.5.2.jar:/home/akshat/.m2/repository/com/vimalselvam/cucumber-extentsreport/3.0.2/cucumber-extentsreport-3.0.2.jar:/home/akshat/.m2/repository/log4j/log4j/1.2.17/log4j-1.2.17.jar:"/>
    <property name="java.vm.vendor" value="Oracle Corporation"/>
    <property name="sun.arch.data.model" value="64"/>
    <property name="java.vendor.url" value="http://java.oracle.com/"/>
    <property name="user.timezone" value=""/>
    <property name="java.vm.specification.version" value="1.8"/>
    <property name="os.name" value="Linux"/>
    <property name="user.country" value="US"/>
    <property name="sun.java.launcher" value="SUN_STANDARD"/>
    <property name="sun.boot.library.path" value="/usr/lib/jvm/java-8-openjdk-amd64/jre/lib/amd64"/>
    <property name="sun.java.command" value="/home/akshat/workspace/BBCRegistration/target/surefire/surefirebooter1663771656954287675.jar /home/akshat/workspace/BBCRegistration/target/surefire 2018-04-19T00-08-48_765-jvmRun1 surefire7625783707925706379tmp surefire_04650826082748377921tmp"/>
    <property name="surefire.test.class.path" value="/home/akshat/workspace/BBCRegistration/target/test-classes:/home/akshat/workspace/BBCRegistration/target/classes:/home/akshat/.m2/repository/junit/junit/4.12/junit-4.12.jar:/home/akshat/.m2/repository/org/hamcrest/hamcrest-core/1.3/hamcrest-core-1.3.jar:/home/akshat/.m2/repository/org/seleniumhq/selenium/selenium-java/3.11.0/selenium-java-3.11.0.jar:/home/akshat/.m2/repository/org/seleniumhq/selenium/selenium-api/3.11.0/selenium-api-3.11.0.jar:/home/akshat/.m2/repository/org/seleniumhq/selenium/selenium-chrome-driver/3.11.0/selenium-chrome-driver-3.11.0.jar:/home/akshat/.m2/repository/org/seleniumhq/selenium/selenium-edge-driver/3.11.0/selenium-edge-driver-3.11.0.jar:/home/akshat/.m2/repository/org/seleniumhq/selenium/selenium-firefox-driver/3.11.0/selenium-firefox-driver-3.11.0.jar:/home/akshat/.m2/repository/org/seleniumhq/selenium/selenium-ie-driver/3.11.0/selenium-ie-driver-3.11.0.jar:/home/akshat/.m2/repository/org/seleniumhq/selenium/selenium-opera-driver/3.11.0/selenium-opera-driver-3.11.0.jar:/home/akshat/.m2/repository/org/seleniumhq/selenium/selenium-remote-driver/3.11.0/selenium-remote-driver-3.11.0.jar:/home/akshat/.m2/repository/org/seleniumhq/selenium/selenium-safari-driver/3.11.0/selenium-safari-driver-3.11.0.jar:/home/akshat/.m2/repository/org/seleniumhq/selenium/selenium-support/3.11.0/selenium-support-3.11.0.jar:/home/akshat/.m2/repository/net/bytebuddy/byte-buddy/1.7.9/byte-buddy-1.7.9.jar:/home/akshat/.m2/repository/org/apache/commons/commons-exec/1.3/commons-exec-1.3.jar:/home/akshat/.m2/repository/commons-codec/commons-codec/1.10/commons-codec-1.10.jar:/home/akshat/.m2/repository/commons-logging/commons-logging/1.2/commons-logging-1.2.jar:/home/akshat/.m2/repository/com/google/code/gson/gson/2.8.2/gson-2.8.2.jar:/home/akshat/.m2/repository/com/google/guava/guava/23.6-jre/guava-23.6-jre.jar:/home/akshat/.m2/repository/com/google/code/findbugs/jsr305/1.3.9/jsr305-1.3.9.jar:/home/akshat/.m2/repository/org/checkerframework/checker-compat-qual/2.0.0/checker-compat-qual-2.0.0.jar:/home/akshat/.m2/repository/com/google/errorprone/error_prone_annotations/2.1.3/error_prone_annotations-2.1.3.jar:/home/akshat/.m2/repository/com/google/j2objc/j2objc-annotations/1.1/j2objc-annotations-1.1.jar:/home/akshat/.m2/repository/org/codehaus/mojo/animal-sniffer-annotations/1.14/animal-sniffer-annotations-1.14.jar:/home/akshat/.m2/repository/org/apache/httpcomponents/httpclient/4.5.3/httpclient-4.5.3.jar:/home/akshat/.m2/repository/org/apache/httpcomponents/httpcore/4.4.6/httpcore-4.4.6.jar:/home/akshat/.m2/repository/com/squareup/okhttp3/okhttp/3.9.1/okhttp-3.9.1.jar:/home/akshat/.m2/repository/com/squareup/okio/okio/1.13.0/okio-1.13.0.jar:/home/akshat/.m2/repository/info/cukes/cucumber-junit/1.2.5/cucumber-junit-1.2.5.jar:/home/akshat/.m2/repository/info/cukes/cucumber-java/1.2.5/cucumber-java-1.2.5.jar:/home/akshat/.m2/repository/info/cukes/cucumber-core/1.2.5/cucumber-core-1.2.5.jar:/home/akshat/.m2/repository/info/cukes/cucumber-html/0.2.3/cucumber-html-0.2.3.jar:/home/akshat/.m2/repository/info/cukes/cucumber-jvm-deps/1.0.5/cucumber-jvm-deps-1.0.5.jar:/home/akshat/.m2/repository/info/cukes/cucumber-picocontainer/1.2.5/cucumber-picocontainer-1.2.5.jar:/home/akshat/.m2/repository/org/picocontainer/picocontainer/2.15/picocontainer-2.15.jar:/home/akshat/.m2/repository/info/cukes/gherkin/2.12.2/gherkin-2.12.2.jar:/home/akshat/.m2/repository/net/masterthought/cucumber-reporting/3.15.0/cucumber-reporting-3.15.0.jar:/home/akshat/.m2/repository/org/apache/logging/log4j/log4j-api/2.8.2/log4j-api-2.8.2.jar:/home/akshat/.m2/repository/org/apache/logging/log4j/log4j-core/2.8.2/log4j-core-2.8.2.jar:/home/akshat/.m2/repository/com/fasterxml/jackson/core/jackson-databind/2.8.6/jackson-databind-2.8.6.jar:/home/akshat/.m2/repository/com/fasterxml/jackson/core/jackson-annotations/2.8.0/jackson-annotations-2.8.0.jar:/home/akshat/.m2/repository/com/fasterxml/jackson/core/jackson-core/2.8.6/jackson-core-2.8.6.jar:/home/akshat/.m2/repository/org/apache/velocity/velocity/1.7/velocity-1.7.jar:/home/akshat/.m2/repository/commons-collections/commons-collections/3.2.1/commons-collections-3.2.1.jar:/home/akshat/.m2/repository/commons-lang/commons-lang/2.4/commons-lang-2.4.jar:/home/akshat/.m2/repository/velocity-tools/velocity-tools/1.4/velocity-tools-1.4.jar:/home/akshat/.m2/repository/joda-time/joda-time/2.9.9/joda-time-2.9.9.jar:/home/akshat/.m2/repository/org/apache/commons/commons-lang3/3.6/commons-lang3-3.6.jar:/home/akshat/.m2/repository/commons-io/commons-io/2.5/commons-io-2.5.jar:/home/akshat/.m2/repository/net/lingala/zip4j/zip4j/1.3.2/zip4j-1.3.2.jar:/home/akshat/.m2/repository/org/codehaus/plexus/plexus-utils/3.0.24/plexus-utils-3.0.24.jar:/home/akshat/.m2/repository/org/jsoup/jsoup/1.10.3/jsoup-1.10.3.jar:/home/akshat/.m2/repository/com/googlecode/owasp-java-html-sanitizer/owasp-java-html-sanitizer/20170515.1/owasp-java-html-sanitizer-20170515.1.jar:/home/akshat/.m2/repository/commons-configuration/commons-configuration/1.6/commons-configuration-1.6.jar:/home/akshat/.m2/repository/commons-digester/commons-digester/1.8/commons-digester-1.8.jar:/home/akshat/.m2/repository/commons-beanutils/commons-beanutils/1.7.0/commons-beanutils-1.7.0.jar:/home/akshat/.m2/repository/commons-beanutils/commons-beanutils-core/1.8.0/commons-beanutils-core-1.8.0.jar:/home/akshat/.m2/repository/com/aventstack/extentreports/3.1.2/extentreports-3.1.2.jar:/home/akshat/.m2/repository/org/freemarker/freemarker/2.3.23/freemarker-2.3.23.jar:/home/akshat/.m2/repository/org/mongodb/mongodb-driver/3.3.0/mongodb-driver-3.3.0.jar:/home/akshat/.m2/repository/org/mongodb/bson/3.3.0/bson-3.3.0.jar:/home/akshat/.m2/repository/org/mongodb/mongodb-driver-core/3.3.0/mongodb-driver-core-3.3.0.jar:/home/akshat/.m2/repository/org/apache/httpcomponents/httpmime/4.5.2/httpmime-4.5.2.jar:/home/akshat/.m2/repository/com/vimalselvam/cucumber-extentsreport/3.0.2/cucumber-extentsreport-3.0.2.jar:/home/akshat/.m2/repository/log4j/log4j/1.2.17/log4j-1.2.17.jar:"/>
    <property name="sun.cpu.endian" value="little"/>
    <property name="user.home" value="/home/akshat"/>
    <property name="user.language" value="en"/>
    <property name="java.specification.vendor" value="Oracle Corporation"/>
    <property name="java.home" value="/usr/lib/jvm/java-8-openjdk-amd64/jre"/>
    <property name="basedir" value="/home/akshat/workspace/BBCRegistration"/>
    <property name="file.separator" value="/"/>
    <property name="line.separator" value="&#10;"/>
    <property name="java.vm.specification.vendor" value="Oracle Corporation"/>
    <property name="java.specification.name" value="Java Platform API Specification"/>
    <property name="java.awt.graphicsenv" value="sun.awt.X11GraphicsEnvironment"/>
    <property name="surefire.real.class.path" value="/home/akshat/workspace/BBCRegistration/target/surefire/surefirebooter1663771656954287675.jar"/>
    <property name="sun.boot.class.path" value="/usr/lib/jvm/java-8-openjdk-amd64/jre/lib/resources.jar:/usr/lib/jvm/java-8-openjdk-amd64/jre/lib/rt.jar:/usr/lib/jvm/java-8-openjdk-amd64/jre/lib/sunrsasign.jar:/usr/lib/jvm/java-8-openjdk-amd64/jre/lib/jsse.jar:/usr/lib/jvm/java-8-openjdk-amd64/jre/lib/jce.jar:/usr/lib/jvm/java-8-openjdk-amd64/jre/lib/charsets.jar:/usr/lib/jvm/java-8-openjdk-amd64/jre/lib/jfr.jar:/usr/lib/jvm/java-8-openjdk-amd64/jre/classes"/>
    <property name="sun.management.compiler" value="HotSpot 64-Bit Tiered Compilers"/>
    <property name="java.runtime.version" value="1.8.0_162-8u162-b12-0ubuntu0.16.04.2-b12"/>
    <property name="user.name" value="akshat"/>
    <property name="path.separator" value=":"/>
    <property name="os.version" value="4.4.0-119-generic"/>
    <property name="java.endorsed.dirs" value="/usr/lib/jvm/java-8-openjdk-amd64/jre/lib/endorsed"/>
    <property name="java.runtime.name" value="OpenJDK Runtime Environment"/>
    <property name="file.encoding" value="UTF-8"/>
    <property name="java.vm.name" value="OpenJDK 64-Bit Server VM"/>
    <property name="localRepository" value="/home/akshat/.m2/repository"/>
    <property name="java.vendor.url.bug" value="http://bugreport.sun.com/bugreport/"/>
    <property name="java.io.tmpdir" value="/tmp"/>
    <property name="java.version" value="1.8.0_162"/>
    <property name="user.dir" value="/home/akshat/workspace/BBCRegistration"/>
    <property name="os.arch" value="amd64"/>
    <property name="java.vm.specification.name" value="Java Virtual Machine Specification"/>
    <property name="java.awt.printerjob" value="sun.print.PSPrinterJob"/>
    <property name="sun.os.patch.level" value="unknown"/>
    <property name="java.library.path" value="/usr/java/packages/lib/amd64:/usr/lib/x86_64-linux-gnu/jni:/lib/x86_64-linux-gnu:/usr/lib/x86_64-linux-gnu:/usr/lib/jni:/lib:/usr/lib"/>
    <property name="java.vm.info" value="mixed mode"/>
    <property name="java.vendor" value="Oracle Corporation"/>
    <property name="java.vm.version" value="25.162-b12"/>
    <property name="java.ext.dirs" value="/usr/lib/jvm/java-8-openjdk-amd64/jre/lib/ext:/usr/java/packages/lib/ext"/>
    <property name="sun.io.unicode.encoding" value="UnicodeLittle"/>
    <property name="java.class.version" value="52.0"/>
  </properties>
  <testcase name="Given I launch https://account.bbc.com/signin" classname="Scenario: Verify that the visitor is over 13" time="0.002"/>
  <testcase name="Given I launch https://account.bbc.com/signin" classname="Scenario: Verify that the visitor is over 13" time="0"/>
  <testcase name="And I click &quot;Register&quot; now" classname="Scenario: Verify that the visitor is over 13" time="0"/>
  <testcase name="And I click &quot;Register&quot; now" classname="Scenario: Verify that the visitor is over 13" time="0"/>
  <testcase name="And I&apos;m on the starting page for registration" classname="Scenario: Verify that the visitor is over 13" time="0"/>
  <testcase name="And I&apos;m on the starting page for registration" classname="Scenario: Verify that the visitor is over 13" time="0"/>
  <testcase name="When I click on &quot;13 or over&quot; button" classname="Scenario: Verify that the visitor is over 13" time="0.001"/>
  <testcase name="Then I will go to the &quot;Date of Birth&quot; registration" classname="Scenario: Verify that the visitor is over 13" time="0"/>
  <testcase name="Scenario: Verify that the visitor is over 13" classname="Scenario: Verify that the visitor is over 13" time="0.075"/>
  <testcase name="Scenario: Verify that the visitor is over 13" classname="Scenario: Verify that the visitor is over 13" time="0.084"/>
  <testcase name="Given I launch https://account.bbc.com/signin" classname="Scenario: Verify that the visitor is under 13" time="0"/>
  <testcase name="And I click &quot;Register&quot; now" classname="Scenario: Verify that the visitor is under 13" time="0.001"/>
  <testcase name="And I&apos;m on the starting page for registration" classname="Scenario: Verify that the visitor is under 13" time="0"/>
  <testcase name="Given I&apos;m on the starting page for registration" classname="Scenario: Verify that the visitor is under 13" time="0"/>
  <testcase name="When I click on &quot;under 13&quot; button" classname="Scenario: Verify that the visitor is under 13" time="0"/>
  <testcase name="Then I will receive the following message: &quot;Sorry, you can’t register the child because you’re outside the UK&quot;" classname="Scenario: Verify that the visitor is under 13" time="0"/>
  <testcase name="Scenario: Verify that the visitor is under 13" classname="Scenario: Verify that the visitor is under 13" time="0.073"/>
  <testcase name="Given I launch https://account.bbc.com/signin" classname="Scenario: Verify that the visitor can&apos;t use empty fields to progress further" time="0"/>
  <testcase name="And I click &quot;Register&quot; now" classname="Scenario: Verify that the visitor can&apos;t use empty fields to progress further" time="0"/>
  <testcase name="And I&apos;m on the starting page for registration" classname="Scenario: Verify that the visitor can&apos;t use empty fields to progress further" time="0"/>
  <testcase name="Given I&apos;m on the date of birth registration page" classname="Scenario: Verify that the visitor can&apos;t use empty fields to progress further" time="0"/>
  <testcase name="When The field Day is empty" classname="Scenario: Verify that the visitor can&apos;t use empty fields to progress further" time="0"/>
  <testcase name="And The field Month is empty" classname="Scenario: Verify that the visitor can&apos;t use empty fields to progress further" time="0"/>
  <testcase name="And The field Year is empty" classname="Scenario: Verify that the visitor can&apos;t use empty fields to progress further" time="0.001"/>
  <testcase name="Then When I leave the year field I should receive the following message: &quot;Oops, that date doesn&apos;t look right. Make sure it&apos;s a real date written as DD-MM-YYYY e.g. the 5th of June 2009 is 05-06-2009.&quot;" classname="Scenario: Verify that the visitor can&apos;t use empty fields to progress further" time="0"/>
  <testcase name="Scenario: Verify that the visitor can&apos;t use empty fields to progress further" classname="Scenario: Verify that the visitor can&apos;t use empty fields to progress further" time="0.167"/>
  <testcase name="Given I launch https://account.bbc.com/signin" classname="Scenario: Verify that the visitor can&apos;t be under 13" time="0.002"/>
  <testcase name="And I click &quot;Register&quot; now" classname="Scenario: Verify that the visitor can&apos;t be under 13" time="0"/>
  <testcase name="And I&apos;m on the starting page for registration" classname="Scenario: Verify that the visitor can&apos;t be under 13" time="0"/>
  <testcase name="Given I&apos;m on the date of birth registration page" classname="Scenario: Verify that the visitor can&apos;t be under 13" time="0"/>
  <testcase name="When The field Day is 03" classname="Scenario: Verify that the visitor can&apos;t be under 13" time="0"/>
  <testcase name="And The field Month is 02" classname="Scenario: Verify that the visitor can&apos;t be under 13" time="0"/>
  <testcase name="And The field Year is 2010" classname="Scenario: Verify that the visitor can&apos;t be under 13" time="0"/>
  <testcase name="And Click the &quot;Continue&quot; button" classname="Scenario: Verify that the visitor can&apos;t be under 13" time="0"/>
  <testcase name="Then When I click I should receive the following message: &quot;Sorry, you need to be 13 or over.&quot;" classname="Scenario: Verify that the visitor can&apos;t be under 13" time="0"/>
  <testcase name="Scenario: Verify that the visitor can&apos;t be under 13" classname="Scenario: Verify that the visitor can&apos;t be under 13" time="0.175"/>
  <testcase name="Given I&apos;m on the date of birth registration page" classname="Scenario: Verify that the visitor is over 13" time="0"/>
  <testcase name="When The field Day is 03" classname="Scenario: Verify that the visitor is over 13" time="0"/>
  <testcase name="And The field Month is 02" classname="Scenario: Verify that the visitor is over 13" time="0"/>
  <testcase name="And The field Year is 1990" classname="Scenario: Verify that the visitor is over 13" time="0"/>
  <testcase name="And Click the &quot;Continue&quot; button" classname="Scenario: Verify that the visitor is over 13" time="0"/>
  <testcase name="Then When I click I should go to the email registration page" classname="Scenario: Verify that the visitor is over 13" time="0"/>
  <testcase name="Given I launch https://account.bbc.com/signin" classname="Scenario: validate if a correct email is used" time="0"/>
  <testcase name="Given I launch https://account.bbc.com/signin" classname="Scenario: validate if a correct email is used" time="0"/>
  <testcase name="And I click &quot;Register&quot; now" classname="Scenario: validate if a correct email is used" time="0"/>
  <testcase name="And I click &quot;Register&quot; now" classname="Scenario: validate if a correct email is used" time="0"/>
  <testcase name="And I&apos;m on the starting page for registration" classname="Scenario: validate if a correct email is used" time="0"/>
  <testcase name="And I&apos;m on the starting page for registration" classname="Scenario: validate if a correct email is used" time="0"/>
  <testcase name="Given I&apos;m on the registration page for e-mail and password" classname="Scenario: validate if a correct email is used" time="0"/>
  <testcase name="Given I&apos;m on the registration page for e-mail and password" classname="Scenario: validate if a correct email is used" time="0.001"/>
  <testcase name="When The field e-mail is filled in by &quot;whoknows@hotmailcom&quot;" classname="Scenario: validate if a correct email is used" time="0"/>
  <testcase name="And Go to password field" classname="Scenario: validate if a correct email is used" time="0"/>
  <testcase name="And Go to password field" classname="Scenario: validate if a correct email is used" time="0"/>
  <testcase name="Then I&apos;ll receive the message: &quot;Sorry, that doesn&apos;t look right. Please check it&apos;s a proper email.&quot;" classname="Scenario: validate if a correct email is used" time="0"/>
  <testcase name="Scenario: validate if a correct email is used" classname="Scenario: validate if a correct email is used" time="0.085"/>
  <testcase name="Scenario: validate if a correct email is used" classname="Scenario: validate if a correct email is used" time="0.181"/>
  <testcase name="When The field e-mail is filled in by &quot;whoknows@hotmail.com&quot;" classname="Scenario: validate if a correct email is used" time="0"/>
  <testcase name="Then I should not receive an error" classname="Scenario: validate if a correct email is used" time="0"/>
  <testcase name="Given I launch https://account.bbc.com/signin" classname="Scenario: validate if a password of 7 or less characters is able to be used." time="0"/>
  <testcase name="And I click &quot;Register&quot; now" classname="Scenario: validate if a password of 7 or less characters is able to be used." time="0"/>
  <testcase name="And I&apos;m on the starting page for registration" classname="Scenario: validate if a password of 7 or less characters is able to be used." time="0"/>
  <testcase name="Given I&apos;m on the registration page for e-mail and password" classname="Scenario: validate if a password of 7 or less characters is able to be used." time="0"/>
  <testcase name="When The field e-mail is filled in by &quot;whoknows@hotmail.com&quot;" classname="Scenario: validate if a password of 7 or less characters is able to be used." time="0"/>
  <testcase name="And Go to password field" classname="Scenario: validate if a password of 7 or less characters is able to be used." time="0"/>
  <testcase name="And The field password is filled in with: &quot;Whokno3&quot;" classname="Scenario: validate if a password of 7 or less characters is able to be used." time="0"/>
  <testcase name="Then I should receive the error: &quot;Sorry, that password is too short. It needs to be eight characters or more.&quot;" classname="Scenario: validate if a password of 7 or less characters is able to be used." time="0"/>
  <testcase name="Scenario: validate if a password of 7 or less characters is able to be used." classname="Scenario: validate if a password of 7 or less characters is able to be used." time="0.165"/>
  <testcase name="Given I launch https://account.bbc.com/signin" classname="Scenario: validate if a password without numbers is able to be used." time="0"/>
  <testcase name="And I click &quot;Register&quot; now" classname="Scenario: validate if a password without numbers is able to be used." time="0"/>
  <testcase name="And I&apos;m on the starting page for registration" classname="Scenario: validate if a password without numbers is able to be used." time="0"/>
  <testcase name="Given I&apos;m on the registration page for e-mail and password" classname="Scenario: validate if a password without numbers is able to be used." time="0"/>
  <testcase name="When The field e-mail is filled in by &quot;whoknows@hotmail.com&quot;" classname="Scenario: validate if a password without numbers is able to be used." time="0"/>
  <testcase name="And Go to password field" classname="Scenario: validate if a password without numbers is able to be used." time="0"/>
  <testcase name="And The field password is filled in with: &quot;Whoknows&quot;" classname="Scenario: validate if a password without numbers is able to be used." time="0"/>
  <testcase name="Then I should receive the error: &quot;Sorry, that password isn&apos;t valid. Please include something that isn&apos;t a letter.&quot;" classname="Scenario: validate if a password without numbers is able to be used." time="0"/>
  <testcase name="Scenario: validate if a password without numbers is able to be used." classname="Scenario: validate if a password without numbers is able to be used." time="0.075"/>
  <testcase name="Given I launch https://account.bbc.com/signin" classname="Scenario: validate if a password without letters is able to be used." time="0"/>
  <testcase name="And I click &quot;Register&quot; now" classname="Scenario: validate if a password without letters is able to be used." time="0"/>
  <testcase name="And I&apos;m on the starting page for registration" classname="Scenario: validate if a password without letters is able to be used." time="0"/>
  <testcase name="Given I&apos;m on the registration page for e-mail and password" classname="Scenario: validate if a password without letters is able to be used." time="0.005"/>
  <testcase name="When The field e-mail is filled in by &quot;whoknows@hotmail.com&quot;" classname="Scenario: validate if a password without letters is able to be used." time="0"/>
  <testcase name="And Go to password field" classname="Scenario: validate if a password without letters is able to be used." time="0"/>
  <testcase name="And The field password is filled in with: &quot;@345678!&quot;" classname="Scenario: validate if a password without letters is able to be used." time="0.001"/>
  <testcase name="Then I should receive the error: &quot;Sorry, that password isn&apos;t valid. Please include a letter.&quot;" classname="Scenario: validate if a password without letters is able to be used." time="0.001"/>
  <testcase name="Scenario: validate if a password without letters is able to be used." classname="Scenario: validate if a password without letters is able to be used." time="0.161"/>
  <testcase name="Given I launch https://account.bbc.com/signin" classname="Scenario: Verify that the visitor can go the subscribe page" time="0"/>
  <testcase name="When I click &quot;Register&quot; now" classname="Scenario: Verify that the visitor can go the subscribe page" time="0"/>
  <testcase name="Then I&apos;m on the starting page for registration" classname="Scenario: Verify that the visitor can go the subscribe page" time="0"/>
  <testcase name="Scenario: Verify that the visitor can go the subscribe page" classname="Scenario: Verify that the visitor can go the subscribe page" time="0.17"/>
</testsuite>